<?xml version="1.0" encoding="utf-8" standalone="no"?>
<!--This file represents the results of running a test suite-->
<test-results name="C:\POC\SvnRepocitory\SourceControl\WindowsService3\NUnitTestSample\bin\Debug\NUnitTestSample.dll" total="2" errors="0" failures="2" not-run="0" inconclusive="0" ignored="0" skipped="0" invalid="0" date="2016-10-03" time="15:59:23">
  <environment nunit-version="2.6.4.14350" clr-version="2.0.50727.8009" os-version="Microsoft Windows NT 6.2.9200.0" platform="Win32NT" cwd="C:\Program Files (x86)\NUnit 2.6.4\bin" machine-name="USBLRHANARAYAN1" user="hanarayanan" user-domain="US" />
  <culture-info current-culture="en-MY" current-uiculture="en-US" />
  <test-suite type="Assembly" name="C:\POC\SvnRepocitory\SourceControl\WindowsService3\NUnitTestSample\bin\Debug\NUnitTestSample.dll" executed="True" result="Failure" success="False" time="0.537" asserts="0">
    <results>
      <test-suite type="Namespace" name="NUnitTest" executed="True" result="Failure" success="False" time="0.505" asserts="0">
        <results>
          <test-suite type="TestFixture" name="NUnitTest1" executed="True" result="Failure" success="False" time="0.210" asserts="0">
            <results>
              <test-case name="NUnitTest.NUnitTest1.TestMethodNunit1" executed="True" result="Failure" success="False" time="0.182" asserts="1">
                <failure>
                  <message><![CDATA[  Expected: 40
  But was:  30
]]></message>
                  <stack-trace><![CDATA[at NUnitTest.NUnitTest1.TestMethodNunit1() in C:\POC\SvnRepocitory\SourceControl\WindowsService3\NUnitTestSample\NUnitTest1.cs:line 18
]]></stack-trace>
                </failure>
              </test-case>
            </results>
          </test-suite>
          <test-suite type="TestFixture" name="NUnitTest2" executed="True" result="Failure" success="False" time="0.013" asserts="0">
            <results>
              <test-case name="NUnitTest.NUnitTest2.HelloCheck" executed="True" result="Failure" success="False" time="0.006" asserts="1">
                <failure>
                  <message><![CDATA[  Expected: 40
  But was:  30
]]></message>
                  <stack-trace><![CDATA[at NUnitTest.NUnitTest2.HelloCheck() in C:\POC\SvnRepocitory\SourceControl\WindowsService3\NUnitTestSample\NUnitTest1.cs:line 32
]]></stack-trace>
                </failure>
              </test-case>
            </results>
          </test-suite>
        </results>
      </test-suite>
    </results>
  </test-suite>
</test-results>